Using pre-set license
Built from '2021.1/staging' branch; Version is '2021.1.2f1 (e5d502d80fbb) revision 15062274'; Using compiler version '192528614'; Build Type 'Release'
OS: 'Windows 10 Pro; OS build 19045.5608; Version 2009; 64bit' Language: 'ko' Physical Memory: 8064 MB
BatchMode: 1, IsHumanControllingUs: 0, StartBugReporterOnCrash: 0, Is64bit: 1, IsPro: 0

 COMMAND LINE ARGUMENTS:
C:\Program Files\Unity\Hub\Editor\2021.1.2f1\Editor\Unity.exe
-adb2
-batchMode
-noUpm
-name
AssetImportWorker0
-projectPath
D:/My project (1)
-logFile
Logs/AssetImportWorker0.log
-srvPort
63250
Successfully changed project path to: D:/My project (1)
D:/My project (1)
Using Asset Import Pipeline V2.
Refreshing native plugins compatible for Editor in 134.15 ms, found 2 plugins.
Preloading 0 native plugins for Editor in 0.00 ms.
Initialize engine version: 2021.1.2f1 (e5d502d80fbb)
[Subsystems] Discovering subsystems at path C:/Program Files/Unity/Hub/Editor/2021.1.2f1/Editor/Data/Resources/UnitySubsystems
[Subsystems] Discovering subsystems at path D:/My project (1)/Assets
GfxDevice: creating device client; threaded=0; jobified=0
Direct3D:
    Version:  Direct3D 11.0 [level 11.1]
    Renderer: Intel(R) UHD Graphics 610 (ID=0x3e90)
    Vendor:   Intel
    VRAM:     4032 MB
    Driver:   26.20.100.7642
Shader 'Universal Render Pipeline/Particles/Lit': fallback shader 'Universal Render Pipeline/Particles/SimpleLit' not found
Initialize mono
Mono path[0] = 'C:/Program Files/Unity/Hub/Editor/2021.1.2f1/Editor/Data/Managed'
Mono path[1] = 'C:/Program Files/Unity/Hub/Editor/2021.1.2f1/Editor/Data/MonoBleedingEdge/lib/mono/unityjit'
Mono config path = 'C:/Program Files/Unity/Hub/Editor/2021.1.2f1/Editor/Data/MonoBleedingEdge/etc'
Using monoOptions --debugger-agent=transport=dt_socket,embedding=1,server=y,suspend=n,address=127.0.0.1:56944
Begin MonoManager ReloadAssembly
Registering precompiled unity dll's ...
Register platform support module: C:/Program Files/Unity/Hub/Editor/2021.1.2f1/Editor/Data/PlaybackEngines/WindowsStandaloneSupport/UnityEditor.WindowsStandalone.Extensions.dll
Registered in 0.005173 seconds.
Native extension for WindowsStandalone target not found
Refreshing native plugins compatible for Editor in 146.37 ms, found 2 plugins.
Preloading 0 native plugins for Editor in 0.00 ms.
Mono: successfully reloaded assembly
- Completed reload, in  2.004 seconds
Platform modules already initialized, skipping
Registering precompiled user dll's ...
Registered in 0.003724 seconds.
Begin MonoManager ReloadAssembly
Native extension for WindowsStandalone target not found
Refreshing native plugins compatible for Editor in 131.68 ms, found 2 plugins.
Preloading 0 native plugins for Editor in 0.00 ms.
Mono: successfully reloaded assembly
- Completed reload, in  1.480 seconds
Platform modules already initialized, skipping
========================================================================
Worker process is ready to serve import requests
Shader 'Universal Render Pipeline/Particles/Lit': fallback shader 'Universal Render Pipeline/Particles/SimpleLit' not found
Launched and connected shader compiler UnityShaderCompiler.exe after 0.06 seconds
Refreshing native plugins compatible for Editor in 1.90 ms, found 2 plugins.
Preloading 0 native plugins for Editor in 0.00 ms.
Unloading 4839 Unused Serialized files (Serialized files now loaded: 0)
System memory in use before: 188.0 MB.
System memory in use after: 188.2 MB.

Unloading 25 unused Assets to reduce memory usage. Loaded Objects now: 5298.
Total: 3.582200 ms (FindLiveObjects: 0.402900 ms CreateObjectMapping: 0.269400 ms MarkObjects: 2.824200 ms  DeleteObjects: 0.084200 ms)

========================================================================
Received Import Request.
  path: Assets/Sprites/player/brightslashnapdo-Sheet.png
  artifactKey: Guid(2845e0a6e6ace904a947fd41cdc8499a) Importer(815301076,1909f56bfc062723c751e8b465ee728b)
Start importing Assets/Sprites/player/brightslashnapdo-Sheet.png using Guid(2845e0a6e6ace904a947fd41cdc8499a) Importer(815301076,1909f56bfc062723c751e8b465ee728b)  -> (artifact id: 'a4439087a7ce0cbd4bf3cc49fdef2a75') in 0.158621 seconds 
========================================================================
Received Import Request.
  Time since last request: 18.856583 seconds.
  path: Assets/Sprites/player/brightslashnapdo-Sheet.png
  artifactKey: Guid(2845e0a6e6ace904a947fd41cdc8499a) Importer(815301076,1909f56bfc062723c751e8b465ee728b)
Start importing Assets/Sprites/player/brightslashnapdo-Sheet.png using Guid(2845e0a6e6ace904a947fd41cdc8499a) Importer(815301076,1909f56bfc062723c751e8b465ee728b)  -> (artifact id: 'd12da7616c0ffd9b47e508a1ed1d1377') in 0.026826 seconds 
========================================================================
Received Import Request.
  Time since last request: 36.658281 seconds.
  path: Assets/Sprites/player/brightslashnapdo-Sheet.png
  artifactKey: Guid(2845e0a6e6ace904a947fd41cdc8499a) Importer(815301076,1909f56bfc062723c751e8b465ee728b)
Start importing Assets/Sprites/player/brightslashnapdo-Sheet.png using Guid(2845e0a6e6ace904a947fd41cdc8499a) Importer(815301076,1909f56bfc062723c751e8b465ee728b)  -> (artifact id: 'df463618b5a3cc4913f8bb6e2c8b3bf4') in 0.038727 seconds 
========================================================================
Received Import Request.
  Time since last request: 117.591808 seconds.
  path: Assets/Sprites/player/brightslashnapdo-Sheet.png
  artifactKey: Guid(2845e0a6e6ace904a947fd41cdc8499a) Importer(815301076,1909f56bfc062723c751e8b465ee728b)
Start importing Assets/Sprites/player/brightslashnapdo-Sheet.png using Guid(2845e0a6e6ace904a947fd41cdc8499a) Importer(815301076,1909f56bfc062723c751e8b465ee728b)  -> (artifact id: '3a29b4cacd7968006972d4c9ab3b4cb2') in 0.037836 seconds 
========================================================================
Received Import Request.
  Time since last request: 19.482446 seconds.
  path: Assets/Sprites/player/brightnapdo.anim
  artifactKey: Guid(17ec4ac305f046d439e5d8e2e20bc336) Importer(815301076,1909f56bfc062723c751e8b465ee728b)
Start importing Assets/Sprites/player/brightnapdo.anim using Guid(17ec4ac305f046d439e5d8e2e20bc336) Importer(815301076,1909f56bfc062723c751e8b465ee728b)  -> (artifact id: '7da0f6b3f624c1d5ab562caf1decff19') in 0.013123 seconds 
========================================================================
Received Import Request.
  Time since last request: 5.116233 seconds.
  path: Assets/Sprites/player/brightbaldo.anim
  artifactKey: Guid(71152cfc76028a44ea9b3d7d84df8da6) Importer(815301076,1909f56bfc062723c751e8b465ee728b)
Start importing Assets/Sprites/player/brightbaldo.anim using Guid(71152cfc76028a44ea9b3d7d84df8da6) Importer(815301076,1909f56bfc062723c751e8b465ee728b)  -> (artifact id: 'f0f4926a15aac0709ec1f95009bd1b4f') in 0.005379 seconds 
========================================================================
Received Import Request.
  Time since last request: 0.607991 seconds.
  path: Assets/Sprites/player/bightnapdo.anim
  artifactKey: Guid(b3c522acb2d59c547980ed347b0912bb) Importer(815301076,1909f56bfc062723c751e8b465ee728b)
Start importing Assets/Sprites/player/bightnapdo.anim using Guid(b3c522acb2d59c547980ed347b0912bb) Importer(815301076,1909f56bfc062723c751e8b465ee728b)  -> (artifact id: 'cd602cc544f0bab5df23243bbea04192') in 0.004562 seconds 
========================================================================
Received Import Request.
  Time since last request: 105.150453 seconds.
  path: Assets/Sprites/player/brightslashbaldo-Sheet.png
  artifactKey: Guid(43f6a4106bff3ef4fa2f989023ff58ad) Importer(815301076,1909f56bfc062723c751e8b465ee728b)
Start importing Assets/Sprites/player/brightslashbaldo-Sheet.png using Guid(43f6a4106bff3ef4fa2f989023ff58ad) Importer(815301076,1909f56bfc062723c751e8b465ee728b)  -> (artifact id: '1f3bde144b841fe2a471c4ca4e726b19') in 0.032409 seconds 
========================================================================
Received Import Request.
  Time since last request: 31.261164 seconds.
  path: Assets/Sprites/player/brightslashbaldo-Sheet.png
  artifactKey: Guid(43f6a4106bff3ef4fa2f989023ff58ad) Importer(815301076,1909f56bfc062723c751e8b465ee728b)
Start importing Assets/Sprites/player/brightslashbaldo-Sheet.png using Guid(43f6a4106bff3ef4fa2f989023ff58ad) Importer(815301076,1909f56bfc062723c751e8b465ee728b)  -> (artifact id: '810f3a9420edf579f0cacfee5cd68ff4') in 0.028292 seconds 
========================================================================
Received Import Request.
  Time since last request: 9.038823 seconds.
  path: Assets/Sprites/player/brightslashbaldo-Sheet.png
  artifactKey: Guid(43f6a4106bff3ef4fa2f989023ff58ad) Importer(815301076,1909f56bfc062723c751e8b465ee728b)
Start importing Assets/Sprites/player/brightslashbaldo-Sheet.png using Guid(43f6a4106bff3ef4fa2f989023ff58ad) Importer(815301076,1909f56bfc062723c751e8b465ee728b)  -> (artifact id: 'c4aa8f74f9792a9a2cf6f6fc021c2bc6') in 0.042938 seconds 
========================================================================
Received Import Request.
  Time since last request: 67.343542 seconds.
  path: Assets/Sprites/player/brightslashbaldo-Sheet.png
  artifactKey: Guid(43f6a4106bff3ef4fa2f989023ff58ad) Importer(815301076,1909f56bfc062723c751e8b465ee728b)
Start importing Assets/Sprites/player/brightslashbaldo-Sheet.png using Guid(43f6a4106bff3ef4fa2f989023ff58ad) Importer(815301076,1909f56bfc062723c751e8b465ee728b)  -> (artifact id: '64be4170c4efe4a6fc78f0d731bd3f7a') in 0.044218 seconds 
========================================================================
Received Import Request.
  Time since last request: 38.074514 seconds.
  path: Assets/Sprites/player/brightbaldo 1.anim
  artifactKey: Guid(3669ca84dab26e2428296c2a9663965f) Importer(815301076,1909f56bfc062723c751e8b465ee728b)
Start importing Assets/Sprites/player/brightbaldo 1.anim using Guid(3669ca84dab26e2428296c2a9663965f) Importer(815301076,1909f56bfc062723c751e8b465ee728b)  -> (artifact id: '3a84dfd91615ed80e34ba9dfebe80961') in 0.003695 seconds 
========================================================================
Received Import Request.
  Time since last request: 20.767997 seconds.
  path: Assets/Sprites/player/Square 1.controller
  artifactKey: Guid(6da7c7fea356431468b8efecd5a853e5) Importer(815301076,1909f56bfc062723c751e8b465ee728b)
Start importing Assets/Sprites/player/Square 1.controller using Guid(6da7c7fea356431468b8efecd5a853e5) Importer(815301076,1909f56bfc062723c751e8b465ee728b)  -> (artifact id: '53915fa6603bf9aecc159a4ac23c2243') in 0.008210 seconds 
========================================================================
Received Import Request.
  Time since last request: 193.383815 seconds.
  path: Assets/Sprites/player/brightslashbaldo-Sheet.png
  artifactKey: Guid(43f6a4106bff3ef4fa2f989023ff58ad) Importer(815301076,1909f56bfc062723c751e8b465ee728b)
Start importing Assets/Sprites/player/brightslashbaldo-Sheet.png using Guid(43f6a4106bff3ef4fa2f989023ff58ad) Importer(815301076,1909f56bfc062723c751e8b465ee728b)  -> (artifact id: '814cb6b6a23263b150275f6e55826f93') in 0.017335 seconds 
========================================================================
Received Import Request.
  Time since last request: 8.002976 seconds.
  path: Assets/Sprites/player/brightslashbaldo-Sheet.png
  artifactKey: Guid(43f6a4106bff3ef4fa2f989023ff58ad) Importer(815301076,1909f56bfc062723c751e8b465ee728b)
Start importing Assets/Sprites/player/brightslashbaldo-Sheet.png using Guid(43f6a4106bff3ef4fa2f989023ff58ad) Importer(815301076,1909f56bfc062723c751e8b465ee728b)  -> (artifact id: 'c51fdc03008a6377d600ff543bb42578') in 0.032393 seconds 
========================================================================
Received Import Request.
  Time since last request: 89.354692 seconds.
  path: Assets/Sprites/player/brightslashbaldo-Sheet.png
  artifactKey: Guid(43f6a4106bff3ef4fa2f989023ff58ad) Importer(815301076,1909f56bfc062723c751e8b465ee728b)
Start importing Assets/Sprites/player/brightslashbaldo-Sheet.png using Guid(43f6a4106bff3ef4fa2f989023ff58ad) Importer(815301076,1909f56bfc062723c751e8b465ee728b)  -> (artifact id: 'a161e7586c5e90ccc87ab89ea1c17b9b') in 0.052809 seconds 
========================================================================
Received Import Request.
  Time since last request: 21.751909 seconds.
  path: Assets/Sprites/player/brightbaldo.anim
  artifactKey: Guid(71152cfc76028a44ea9b3d7d84df8da6) Importer(815301076,1909f56bfc062723c751e8b465ee728b)
Start importing Assets/Sprites/player/brightbaldo.anim using Guid(71152cfc76028a44ea9b3d7d84df8da6) Importer(815301076,1909f56bfc062723c751e8b465ee728b)  -> (artifact id: '2213fb52fc7c50e3e46491d5c0c67bac') in 0.003342 seconds 
========================================================================
Received Import Request.
  Time since last request: 154.051813 seconds.
  path: Assets/Scripts/player_script/brightbaldotrigger.cs
  artifactKey: Guid(9a15bc183bcf55142a7c8586cd3b459e) Importer(815301076,1909f56bfc062723c751e8b465ee728b)
Start importing Assets/Scripts/player_script/brightbaldotrigger.cs using Guid(9a15bc183bcf55142a7c8586cd3b459e) Importer(815301076,1909f56bfc062723c751e8b465ee728b)  -> (artifact id: 'a407b943826af5610530dc751f2a3db1') in 0.025438 seconds 
========================================================================
Received Prepare
Registering precompiled user dll's ...
Registered in 0.043719 seconds.
Begin MonoManager ReloadAssembly
Native extension for WindowsStandalone target not found
Refreshing native plugins compatible for Editor in 1.51 ms, found 2 plugins.
Preloading 0 native plugins for Editor in 0.00 ms.
Mono: successfully reloaded assembly
- Completed reload, in  1.598 seconds
Platform modules already initialized, skipping
Shader 'Universal Render Pipeline/Particles/Lit': fallback shader 'Universal Render Pipeline/Particles/SimpleLit' not found
Refreshing native plugins compatible for Editor in 0.90 ms, found 2 plugins.
Preloading 0 native plugins for Editor in 0.00 ms.
Unloading 4735 Unused Serialized files (Serialized files now loaded: 0)
System memory in use before: 195.1 MB.
System memory in use after: 195.4 MB.

Unloading 13 unused Assets to reduce memory usage. Loaded Objects now: 5467.
Total: 3.720800 ms (FindLiveObjects: 0.510700 ms CreateObjectMapping: 0.364600 ms MarkObjects: 2.812100 ms  DeleteObjects: 0.031700 ms)

========================================================================
Received Prepare
Registering precompiled user dll's ...
Registered in 0.016323 seconds.
Begin MonoManager ReloadAssembly
Native extension for WindowsStandalone target not found
Refreshing native plugins compatible for Editor in 0.91 ms, found 2 plugins.
Preloading 0 native plugins for Editor in 0.00 ms.
Mono: successfully reloaded assembly
- Completed reload, in  1.797 seconds
Platform modules already initialized, skipping
Shader 'Universal Render Pipeline/Particles/Lit': fallback shader 'Universal Render Pipeline/Particles/SimpleLit' not found
Refreshing native plugins compatible for Editor in 0.96 ms, found 2 plugins.
Preloading 0 native plugins for Editor in 0.00 ms.
Unloading 4733 Unused Serialized files (Serialized files now loaded: 0)
System memory in use before: 195.1 MB.
System memory in use after: 195.4 MB.

Unloading 13 unused Assets to reduce memory usage. Loaded Objects now: 5471.
Total: 3.754400 ms (FindLiveObjects: 0.532900 ms CreateObjectMapping: 0.353700 ms MarkObjects: 2.841600 ms  DeleteObjects: 0.025100 ms)

========================================================================
Received Prepare
Registering precompiled user dll's ...
Registered in 0.012844 seconds.
Begin MonoManager ReloadAssembly
Native extension for WindowsStandalone target not found
Refreshing native plugins compatible for Editor in 1.92 ms, found 2 plugins.
Preloading 0 native plugins for Editor in 0.00 ms.
Mono: successfully reloaded assembly
- Completed reload, in  1.841 seconds
Platform modules already initialized, skipping
Shader 'Universal Render Pipeline/Particles/Lit': fallback shader 'Universal Render Pipeline/Particles/SimpleLit' not found
Refreshing native plugins compatible for Editor in 0.94 ms, found 2 plugins.
Preloading 0 native plugins for Editor in 0.00 ms.
Unloading 4733 Unused Serialized files (Serialized files now loaded: 0)
System memory in use before: 195.2 MB.
System memory in use after: 195.5 MB.

Unloading 13 unused Assets to reduce memory usage. Loaded Objects now: 5475.
Total: 47.083200 ms (FindLiveObjects: 1.396300 ms CreateObjectMapping: 0.621200 ms MarkObjects: 45.029500 ms  DeleteObjects: 0.034500 ms)

========================================================================
Received Prepare
Registering precompiled user dll's ...
Registered in 0.004869 seconds.
Begin MonoManager ReloadAssembly
Native extension for WindowsStandalone target not found
Refreshing native plugins compatible for Editor in 1.57 ms, found 2 plugins.
Preloading 0 native plugins for Editor in 0.00 ms.
Mono: successfully reloaded assembly
- Completed reload, in  1.723 seconds
Platform modules already initialized, skipping
Shader 'Universal Render Pipeline/Particles/Lit': fallback shader 'Universal Render Pipeline/Particles/SimpleLit' not found
Refreshing native plugins compatible for Editor in 0.94 ms, found 2 plugins.
Preloading 0 native plugins for Editor in 0.00 ms.
Unloading 4733 Unused Serialized files (Serialized files now loaded: 0)
System memory in use before: 195.2 MB.
System memory in use after: 195.5 MB.

Unloading 13 unused Assets to reduce memory usage. Loaded Objects now: 5479.
Total: 3.510800 ms (FindLiveObjects: 0.575300 ms CreateObjectMapping: 0.374400 ms MarkObjects: 2.516900 ms  DeleteObjects: 0.042300 ms)

========================================================================
Received Prepare
Registering precompiled user dll's ...
Registered in 0.003428 seconds.
Begin MonoManager ReloadAssembly
Native extension for WindowsStandalone target not found
Refreshing native plugins compatible for Editor in 1.60 ms, found 2 plugins.
Preloading 0 native plugins for Editor in 0.00 ms.
Mono: successfully reloaded assembly
- Completed reload, in  1.881 seconds
Platform modules already initialized, skipping
Shader 'Universal Render Pipeline/Particles/Lit': fallback shader 'Universal Render Pipeline/Particles/SimpleLit' not found
Refreshing native plugins compatible for Editor in 1.02 ms, found 2 plugins.
Preloading 0 native plugins for Editor in 0.00 ms.
Unloading 4733 Unused Serialized files (Serialized files now loaded: 0)
System memory in use before: 195.1 MB.
System memory in use after: 195.4 MB.

Unloading 13 unused Assets to reduce memory usage. Loaded Objects now: 5483.
Total: 3.552000 ms (FindLiveObjects: 0.541100 ms CreateObjectMapping: 0.301200 ms MarkObjects: 2.680400 ms  DeleteObjects: 0.027800 ms)

========================================================================
Received Prepare
Registering precompiled user dll's ...
Registered in 0.401502 seconds.
Begin MonoManager ReloadAssembly
Native extension for WindowsStandalone target not found
Refreshing native plugins compatible for Editor in 1.08 ms, found 2 plugins.
Preloading 0 native plugins for Editor in 0.00 ms.
Mono: successfully reloaded assembly
- Completed reload, in  1.459 seconds
Platform modules already initialized, skipping
Shader 'Universal Render Pipeline/Particles/Lit': fallback shader 'Universal Render Pipeline/Particles/SimpleLit' not found
Refreshing native plugins compatible for Editor in 3.64 ms, found 2 plugins.
Preloading 0 native plugins for Editor in 0.00 ms.
Unloading 4733 Unused Serialized files (Serialized files now loaded: 0)
System memory in use before: 195.3 MB.
System memory in use after: 195.6 MB.

Unloading 13 unused Assets to reduce memory usage. Loaded Objects now: 5487.
Total: 8.162300 ms (FindLiveObjects: 1.510000 ms CreateObjectMapping: 0.937500 ms MarkObjects: 5.667300 ms  DeleteObjects: 0.045500 ms)

========================================================================
Received Prepare
Registering precompiled user dll's ...
Registered in 0.011508 seconds.
Begin MonoManager ReloadAssembly
Native extension for WindowsStandalone target not found
Refreshing native plugins compatible for Editor in 7.01 ms, found 2 plugins.
Preloading 0 native plugins for Editor in 0.00 ms.
Mono: successfully reloaded assembly
- Completed reload, in  5.668 seconds
Platform modules already initialized, skipping
Shader 'Universal Render Pipeline/Particles/Lit': fallback shader 'Universal Render Pipeline/Particles/SimpleLit' not found
Refreshing native plugins compatible for Editor in 1.38 ms, found 2 plugins.
Preloading 0 native plugins for Editor in 0.00 ms.
Unloading 4733 Unused Serialized files (Serialized files now loaded: 0)
System memory in use before: 195.3 MB.
System memory in use after: 195.6 MB.

Unloading 13 unused Assets to reduce memory usage. Loaded Objects now: 5491.
Total: 5.375200 ms (FindLiveObjects: 1.063200 ms CreateObjectMapping: 0.595800 ms MarkObjects: 3.685600 ms  DeleteObjects: 0.029100 ms)

========================================================================
Received Prepare
Registering precompiled user dll's ...
Registered in 0.006147 seconds.
Begin MonoManager ReloadAssembly
Native extension for WindowsStandalone target not found
Refreshing native plugins compatible for Editor in 0.94 ms, found 2 plugins.
Preloading 0 native plugins for Editor in 0.00 ms.
Mono: successfully reloaded assembly
- Completed reload, in  1.233 seconds
Platform modules already initialized, skipping
Shader 'Universal Render Pipeline/Particles/Lit': fallback shader 'Universal Render Pipeline/Particles/SimpleLit' not found
Refreshing native plugins compatible for Editor in 1.08 ms, found 2 plugins.
Preloading 0 native plugins for Editor in 0.00 ms.
Unloading 4733 Unused Serialized files (Serialized files now loaded: 0)
System memory in use before: 195.3 MB.
System memory in use after: 195.6 MB.

Unloading 13 unused Assets to reduce memory usage. Loaded Objects now: 5495.
Total: 3.483300 ms (FindLiveObjects: 0.563900 ms CreateObjectMapping: 0.331500 ms MarkObjects: 2.546600 ms  DeleteObjects: 0.040000 ms)

========================================================================
Received Prepare
Registering precompiled user dll's ...
Registered in 2.480118 seconds.
Begin MonoManager ReloadAssembly
Native extension for WindowsStandalone target not found
Refreshing native plugins compatible for Editor in 1.41 ms, found 2 plugins.
Preloading 0 native plugins for Editor in 0.00 ms.
Mono: successfully reloaded assembly
- Completed reload, in  4.170 seconds
Platform modules already initialized, skipping
Shader 'Universal Render Pipeline/Particles/Lit': fallback shader 'Universal Render Pipeline/Particles/SimpleLit' not found
Refreshing native plugins compatible for Editor in 2.51 ms, found 2 plugins.
Preloading 0 native plugins for Editor in 0.00 ms.
Unloading 4733 Unused Serialized files (Serialized files now loaded: 0)
System memory in use before: 195.3 MB.
System memory in use after: 195.6 MB.

Unloading 13 unused Assets to reduce memory usage. Loaded Objects now: 5499.
Total: 5.284600 ms (FindLiveObjects: 0.538400 ms CreateObjectMapping: 0.432400 ms MarkObjects: 4.254100 ms  DeleteObjects: 0.057500 ms)

========================================================================
Received Prepare
Registering precompiled user dll's ...
Registered in 0.038579 seconds.
Begin MonoManager ReloadAssembly
Native extension for WindowsStandalone target not found
Refreshing native plugins compatible for Editor in 2.77 ms, found 2 plugins.
Preloading 0 native plugins for Editor in 0.00 ms.
Mono: successfully reloaded assembly
- Completed reload, in  4.458 seconds
Platform modules already initialized, skipping
Shader 'Universal Render Pipeline/Particles/Lit': fallback shader 'Universal Render Pipeline/Particles/SimpleLit' not found
Refreshing native plugins compatible for Editor in 1.42 ms, found 2 plugins.
Preloading 0 native plugins for Editor in 0.00 ms.
Unloading 4733 Unused Serialized files (Serialized files now loaded: 0)
System memory in use before: 195.1 MB.
System memory in use after: 195.4 MB.

Unloading 13 unused Assets to reduce memory usage. Loaded Objects now: 5503.
Total: 5.260100 ms (FindLiveObjects: 0.852900 ms CreateObjectMapping: 0.598300 ms MarkObjects: 3.758600 ms  DeleteObjects: 0.048100 ms)

========================================================================
Received Prepare
Registering precompiled user dll's ...
Registered in 0.021704 seconds.
Begin MonoManager ReloadAssembly
Native extension for WindowsStandalone target not found
Refreshing native plugins compatible for Editor in 1.03 ms, found 2 plugins.
Preloading 0 native plugins for Editor in 0.00 ms.
Mono: successfully reloaded assembly
- Completed reload, in  3.787 seconds
Platform modules already initialized, skipping
Shader 'Universal Render Pipeline/Particles/Lit': fallback shader 'Universal Render Pipeline/Particles/SimpleLit' not found
Refreshing native plugins compatible for Editor in 2.07 ms, found 2 plugins.
Preloading 0 native plugins for Editor in 0.00 ms.
Unloading 4733 Unused Serialized files (Serialized files now loaded: 0)
System memory in use before: 195.3 MB.
System memory in use after: 195.6 MB.

Unloading 13 unused Assets to reduce memory usage. Loaded Objects now: 5507.
Total: 6.874800 ms (FindLiveObjects: 1.325600 ms CreateObjectMapping: 1.204200 ms MarkObjects: 4.297400 ms  DeleteObjects: 0.044100 ms)

========================================================================
Received Prepare
Registering precompiled user dll's ...
Registered in 0.005116 seconds.
Begin MonoManager ReloadAssembly
Native extension for WindowsStandalone target not found
Refreshing native plugins compatible for Editor in 1.00 ms, found 2 plugins.
Preloading 0 native plugins for Editor in 0.00 ms.
Mono: successfully reloaded assembly
- Completed reload, in  1.563 seconds
Platform modules already initialized, skipping
Shader 'Universal Render Pipeline/Particles/Lit': fallback shader 'Universal Render Pipeline/Particles/SimpleLit' not found
Refreshing native plugins compatible for Editor in 0.96 ms, found 2 plugins.
Preloading 0 native plugins for Editor in 0.00 ms.
Unloading 4733 Unused Serialized files (Serialized files now loaded: 0)
System memory in use before: 195.4 MB.
System memory in use after: 195.6 MB.

Unloading 13 unused Assets to reduce memory usage. Loaded Objects now: 5511.
Total: 5.465900 ms (FindLiveObjects: 0.566500 ms CreateObjectMapping: 0.603500 ms MarkObjects: 4.257000 ms  DeleteObjects: 0.036900 ms)

========================================================================
Received Import Request.
  Time since last request: 2136.521943 seconds.
  path: Assets/Scripts
  artifactKey: Guid(71c120d52516b5b45b28d8f11d790f46) Importer(815301076,1909f56bfc062723c751e8b465ee728b)
Start importing Assets/Scripts using Guid(71c120d52516b5b45b28d8f11d790f46) Importer(815301076,1909f56bfc062723c751e8b465ee728b)  -> (artifact id: 'f279476e36c98d27773f488dffa88bc3') in 0.014602 seconds 
========================================================================
Received Import Request.
  Time since last request: 14.549616 seconds.
  path: Assets/Scripts/brightattackeffect.cs
  artifactKey: Guid(85c6262077e6ddc4b9b72c61967c9de1) Importer(815301076,1909f56bfc062723c751e8b465ee728b)
Start importing Assets/Scripts/brightattackeffect.cs using Guid(85c6262077e6ddc4b9b72c61967c9de1) Importer(815301076,1909f56bfc062723c751e8b465ee728b)  -> (artifact id: '57c095f74ccb615dc76c7cc39bcfee37') in 0.005000 seconds 
========================================================================
Received Prepare
Registering precompiled user dll's ...
Registered in 0.040613 seconds.
Begin MonoManager ReloadAssembly
Native extension for WindowsStandalone target not found
Refreshing native plugins compatible for Editor in 1.11 ms, found 2 plugins.
Preloading 0 native plugins for Editor in 0.00 ms.
Mono: successfully reloaded assembly
- Completed reload, in  2.187 seconds
Platform modules already initialized, skipping
Shader 'Universal Render Pipeline/Particles/Lit': fallback shader 'Universal Render Pipeline/Particles/SimpleLit' not found
Refreshing native plugins compatible for Editor in 1.90 ms, found 2 plugins.
Preloading 0 native plugins for Editor in 0.00 ms.
Unloading 4734 Unused Serialized files (Serialized files now loaded: 0)
System memory in use before: 195.4 MB.
System memory in use after: 195.7 MB.

Unloading 13 unused Assets to reduce memory usage. Loaded Objects now: 5516.
Total: 6.760900 ms (FindLiveObjects: 1.071900 ms CreateObjectMapping: 0.842200 ms MarkObjects: 4.819200 ms  DeleteObjects: 0.025700 ms)

========================================================================
Received Prepare
Registering precompiled user dll's ...
Registered in 0.005463 seconds.
Begin MonoManager ReloadAssembly
Native extension for WindowsStandalone target not found
Refreshing native plugins compatible for Editor in 3.40 ms, found 2 plugins.
Preloading 0 native plugins for Editor in 0.00 ms.
Mono: successfully reloaded assembly
- Completed reload, in  4.800 seconds
Platform modules already initialized, skipping
Shader 'Universal Render Pipeline/Particles/Lit': fallback shader 'Universal Render Pipeline/Particles/SimpleLit' not found
Refreshing native plugins compatible for Editor in 3.91 ms, found 2 plugins.
Preloading 0 native plugins for Editor in 0.00 ms.
Unloading 4734 Unused Serialized files (Serialized files now loaded: 0)
System memory in use before: 195.4 MB.
System memory in use after: 195.9 MB.

Unloading 13 unused Assets to reduce memory usage. Loaded Objects now: 5520.
Total: 6.628000 ms (FindLiveObjects: 0.880100 ms CreateObjectMapping: 0.750400 ms MarkObjects: 4.961500 ms  DeleteObjects: 0.034100 ms)

========================================================================
Received Import Request.
  Time since last request: 148.124518 seconds.
  path: Assets/Scripts/player_script/brightattackeffect.cs
  artifactKey: Guid(85c6262077e6ddc4b9b72c61967c9de1) Importer(815301076,1909f56bfc062723c751e8b465ee728b)
Start importing Assets/Scripts/player_script/brightattackeffect.cs using Guid(85c6262077e6ddc4b9b72c61967c9de1) Importer(815301076,1909f56bfc062723c751e8b465ee728b)  -> (artifact id: '64460df8e914c3b17778c5ba6bc1c234') in 0.023595 seconds 
========================================================================
Received Prepare
Registering precompiled user dll's ...
Registered in 0.003395 seconds.
Begin MonoManager ReloadAssembly
Native extension for WindowsStandalone target not found
Refreshing native plugins compatible for Editor in 5.17 ms, found 2 plugins.
Preloading 0 native plugins for Editor in 0.00 ms.
Mono: successfully reloaded assembly
- Completed reload, in  2.471 seconds
Platform modules already initialized, skipping
Shader 'Universal Render Pipeline/Particles/Lit': fallback shader 'Universal Render Pipeline/Particles/SimpleLit' not found
Refreshing native plugins compatible for Editor in 1.02 ms, found 2 plugins.
Preloading 0 native plugins for Editor in 0.00 ms.
Unloading 4734 Unused Serialized files (Serialized files now loaded: 0)
System memory in use before: 195.3 MB.
System memory in use after: 195.7 MB.

Unloading 13 unused Assets to reduce memory usage. Loaded Objects now: 5524.
Total: 7.199300 ms (FindLiveObjects: 0.971900 ms CreateObjectMapping: 0.470700 ms MarkObjects: 5.679100 ms  DeleteObjects: 0.075100 ms)

========================================================================
Received Prepare
Registering precompiled user dll's ...
Registered in 0.003508 seconds.
Begin MonoManager ReloadAssembly
Native extension for WindowsStandalone target not found
Refreshing native plugins compatible for Editor in 2.03 ms, found 2 plugins.
Preloading 0 native plugins for Editor in 0.00 ms.
Mono: successfully reloaded assembly
- Completed reload, in  2.342 seconds
Platform modules already initialized, skipping
Shader 'Universal Render Pipeline/Particles/Lit': fallback shader 'Universal Render Pipeline/Particles/SimpleLit' not found
Refreshing native plugins compatible for Editor in 1.06 ms, found 2 plugins.
Preloading 0 native plugins for Editor in 0.00 ms.
Unloading 4734 Unused Serialized files (Serialized files now loaded: 0)
System memory in use before: 195.5 MB.
System memory in use after: 195.9 MB.

Unloading 13 unused Assets to reduce memory usage. Loaded Objects now: 5528.
Total: 4.619500 ms (FindLiveObjects: 0.517600 ms CreateObjectMapping: 0.387700 ms MarkObjects: 3.674300 ms  DeleteObjects: 0.038300 ms)

========================================================================
Received Import Request.
  Time since last request: 101.768228 seconds.
  path: Assets/Scripts/player_script/brightslashscript.cs
  artifactKey: Guid(ca4d525e11c6650408d4cdab74ea25fe) Importer(815301076,1909f56bfc062723c751e8b465ee728b)
Start importing Assets/Scripts/player_script/brightslashscript.cs using Guid(ca4d525e11c6650408d4cdab74ea25fe) Importer(815301076,1909f56bfc062723c751e8b465ee728b)  -> (artifact id: '6fb0b7308248e0bafdccb385b9e83b61') in 0.015640 seconds 
========================================================================
Received Import Request.
  Time since last request: 1.535111 seconds.
  path: Assets/Scripts/player_script/brightscript.cs
  artifactKey: Guid(db0cd5dc49ab1ef45a9675a067ace8f1) Importer(815301076,1909f56bfc062723c751e8b465ee728b)
Start importing Assets/Scripts/player_script/brightscript.cs using Guid(db0cd5dc49ab1ef45a9675a067ace8f1) Importer(815301076,1909f56bfc062723c751e8b465ee728b)  -> (artifact id: '7f6c8aacc3af81e50d83328617c9d3da') in 0.014044 seconds 
========================================================================
Received Import Request.
  Time since last request: 0.776196 seconds.
  path: Assets/Scripts/player_script/brightbaldotrigger.cs
  artifactKey: Guid(9a15bc183bcf55142a7c8586cd3b459e) Importer(815301076,1909f56bfc062723c751e8b465ee728b)
Start importing Assets/Scripts/player_script/brightbaldotrigger.cs using Guid(9a15bc183bcf55142a7c8586cd3b459e) Importer(815301076,1909f56bfc062723c751e8b465ee728b)  -> (artifact id: '605d9a19754f8e0ce2a4a5d205ed341a') in 0.004697 seconds 
========================================================================
Received Import Request.
  Time since last request: 1.291005 seconds.
  path: Assets/Scripts/player_script/brightattackeffect.cs
  artifactKey: Guid(85c6262077e6ddc4b9b72c61967c9de1) Importer(815301076,1909f56bfc062723c751e8b465ee728b)
Start importing Assets/Scripts/player_script/brightattackeffect.cs using Guid(85c6262077e6ddc4b9b72c61967c9de1) Importer(815301076,1909f56bfc062723c751e8b465ee728b)  -> (artifact id: '92e1d70d4ed2765845bb899a47542111') in 0.005219 seconds 
========================================================================
Received Import Request.
  Time since last request: 21.424251 seconds.
  path: Assets/Scripts/player_script/brightattackeffect.cs
  artifactKey: Guid(85c6262077e6ddc4b9b72c61967c9de1) Importer(815301076,1909f56bfc062723c751e8b465ee728b)
Start importing Assets/Scripts/player_script/brightattackeffect.cs using Guid(85c6262077e6ddc4b9b72c61967c9de1) Importer(815301076,1909f56bfc062723c751e8b465ee728b)  -> (artifact id: 'cd481311420be7273816d0caf904416b') in 0.004099 seconds 
========================================================================
Received Prepare
Registering precompiled user dll's ...
Registered in 0.003994 seconds.
Begin MonoManager ReloadAssembly
Native extension for WindowsStandalone target not found
Refreshing native plugins compatible for Editor in 1.72 ms, found 2 plugins.
Preloading 0 native plugins for Editor in 0.00 ms.
Mono: successfully reloaded assembly
- Completed reload, in  1.847 seconds
Platform modules already initialized, skipping
Shader 'Universal Render Pipeline/Particles/Lit': fallback shader 'Universal Render Pipeline/Particles/SimpleLit' not found
Refreshing native plugins compatible for Editor in 0.92 ms, found 2 plugins.
Preloading 0 native plugins for Editor in 0.00 ms.
Unloading 4734 Unused Serialized files (Serialized files now loaded: 0)
System memory in use before: 195.5 MB.
System memory in use after: 195.9 MB.

Unloading 13 unused Assets to reduce memory usage. Loaded Objects now: 5532.
Total: 5.741300 ms (FindLiveObjects: 0.754500 ms CreateObjectMapping: 0.555500 ms MarkObjects: 4.406200 ms  DeleteObjects: 0.023300 ms)

========================================================================
Received Import Request.
  Time since last request: 11.084028 seconds.
  path: Assets/Scripts/player_script/brightattackeffect.cs
  artifactKey: Guid(85c6262077e6ddc4b9b72c61967c9de1) Importer(815301076,1909f56bfc062723c751e8b465ee728b)
Start importing Assets/Scripts/player_script/brightattackeffect.cs using Guid(85c6262077e6ddc4b9b72c61967c9de1) Importer(815301076,1909f56bfc062723c751e8b465ee728b)  -> (artifact id: '11da8596e7c4d4d95b05abffe836a0bf') in 0.027055 seconds 
========================================================================
Received Prepare
Registering precompiled user dll's ...
Registered in 0.005213 seconds.
Begin MonoManager ReloadAssembly
Native extension for WindowsStandalone target not found
Refreshing native plugins compatible for Editor in 1.82 ms, found 2 plugins.
Preloading 0 native plugins for Editor in 0.00 ms.
Mono: successfully reloaded assembly
- Completed reload, in  2.164 seconds
Platform modules already initialized, skipping
Shader 'Universal Render Pipeline/Particles/Lit': fallback shader 'Universal Render Pipeline/Particles/SimpleLit' not found
Refreshing native plugins compatible for Editor in 1.69 ms, found 2 plugins.
Preloading 0 native plugins for Editor in 0.00 ms.
Unloading 4734 Unused Serialized files (Serialized files now loaded: 0)
System memory in use before: 195.5 MB.
System memory in use after: 195.9 MB.

Unloading 13 unused Assets to reduce memory usage. Loaded Objects now: 5536.
Total: 5.379500 ms (FindLiveObjects: 0.762700 ms CreateObjectMapping: 0.523500 ms MarkObjects: 4.050600 ms  DeleteObjects: 0.040600 ms)

========================================================================
Received Prepare
Registering precompiled user dll's ...
Registered in 0.009607 seconds.
Begin MonoManager ReloadAssembly
Native extension for WindowsStandalone target not found
Refreshing native plugins compatible for Editor in 2.41 ms, found 2 plugins.
Preloading 0 native plugins for Editor in 0.00 ms.
Mono: successfully reloaded assembly
- Completed reload, in  2.423 seconds
Platform modules already initialized, skipping
Shader 'Universal Render Pipeline/Particles/Lit': fallback shader 'Universal Render Pipeline/Particles/SimpleLit' not found
Refreshing native plugins compatible for Editor in 1.03 ms, found 2 plugins.
Preloading 0 native plugins for Editor in 0.00 ms.
Unloading 4734 Unused Serialized files (Serialized files now loaded: 0)
System memory in use before: 195.5 MB.
System memory in use after: 196.0 MB.

Unloading 13 unused Assets to reduce memory usage. Loaded Objects now: 5540.
Total: 3.570700 ms (FindLiveObjects: 0.494300 ms CreateObjectMapping: 0.385600 ms MarkObjects: 2.663700 ms  DeleteObjects: 0.025000 ms)

========================================================================
Received Prepare
Registering precompiled user dll's ...
Registered in 0.014476 seconds.
Begin MonoManager ReloadAssembly
Native extension for WindowsStandalone target not found
Refreshing native plugins compatible for Editor in 1.00 ms, found 2 plugins.
Preloading 0 native plugins for Editor in 0.00 ms.
Mono: successfully reloaded assembly
- Completed reload, in  1.613 seconds
Platform modules already initialized, skipping
Shader 'Universal Render Pipeline/Particles/Lit': fallback shader 'Universal Render Pipeline/Particles/SimpleLit' not found
Refreshing native plugins compatible for Editor in 0.96 ms, found 2 plugins.
Preloading 0 native plugins for Editor in 0.00 ms.
Unloading 4734 Unused Serialized files (Serialized files now loaded: 0)
System memory in use before: 195.3 MB.
System memory in use after: 195.8 MB.

Unloading 13 unused Assets to reduce memory usage. Loaded Objects now: 5544.
Total: 3.855300 ms (FindLiveObjects: 0.510500 ms CreateObjectMapping: 0.395300 ms MarkObjects: 2.912100 ms  DeleteObjects: 0.036100 ms)

========================================================================
Received Prepare
Registering precompiled user dll's ...
Registered in 0.034554 seconds.
Begin MonoManager ReloadAssembly
Native extension for WindowsStandalone target not found
Refreshing native plugins compatible for Editor in 1.79 ms, found 2 plugins.
Preloading 0 native plugins for Editor in 0.00 ms.
Mono: successfully reloaded assembly
- Completed reload, in  1.725 seconds
Platform modules already initialized, skipping
Shader 'Universal Render Pipeline/Particles/Lit': fallback shader 'Universal Render Pipeline/Particles/SimpleLit' not found
Refreshing native plugins compatible for Editor in 1.47 ms, found 2 plugins.
Preloading 0 native plugins for Editor in 0.00 ms.
Unloading 4734 Unused Serialized files (Serialized files now loaded: 0)
System memory in use before: 195.5 MB.
System memory in use after: 196.0 MB.

Unloading 13 unused Assets to reduce memory usage. Loaded Objects now: 5548.
Total: 6.130300 ms (FindLiveObjects: 0.722400 ms CreateObjectMapping: 0.460600 ms MarkObjects: 4.914400 ms  DeleteObjects: 0.030800 ms)

========================================================================
Received Prepare
Registering precompiled user dll's ...
Registered in 0.004030 seconds.
Begin MonoManager ReloadAssembly
Native extension for WindowsStandalone target not found
Refreshing native plugins compatible for Editor in 1.47 ms, found 2 plugins.
Preloading 0 native plugins for Editor in 0.00 ms.
Mono: successfully reloaded assembly
- Completed reload, in  1.792 seconds
Platform modules already initialized, skipping
Shader 'Universal Render Pipeline/Particles/Lit': fallback shader 'Universal Render Pipeline/Particles/SimpleLit' not found
Refreshing native plugins compatible for Editor in 0.92 ms, found 2 plugins.
Preloading 0 native plugins for Editor in 0.00 ms.
Unloading 4734 Unused Serialized files (Serialized files now loaded: 0)
System memory in use before: 195.5 MB.
System memory in use after: 196.0 MB.

Unloading 13 unused Assets to reduce memory usage. Loaded Objects now: 5552.
Total: 5.315100 ms (FindLiveObjects: 0.687100 ms CreateObjectMapping: 0.397400 ms MarkObjects: 4.191100 ms  DeleteObjects: 0.037600 ms)

========================================================================
Received Import Request.
  Time since last request: 1029.436432 seconds.
  path: Assets/Sprites/player/SNR-Sheet.png
  artifactKey: Guid(08aa69b10cf93a94098999d24c5d268f) Importer(815301076,1909f56bfc062723c751e8b465ee728b)
Start importing Assets/Sprites/player/SNR-Sheet.png using Guid(08aa69b10cf93a94098999d24c5d268f) Importer(815301076,1909f56bfc062723c751e8b465ee728b)  -> (artifact id: 'b4ab5dd05d88e99a809bf94f4baf25d6') in 0.143263 seconds 
========================================================================
Received Import Request.
  Time since last request: 10.995476 seconds.
  path: Assets/Sprites/player/SNR-Sheet.png
  artifactKey: Guid(08aa69b10cf93a94098999d24c5d268f) Importer(815301076,1909f56bfc062723c751e8b465ee728b)
Start importing Assets/Sprites/player/SNR-Sheet.png using Guid(08aa69b10cf93a94098999d24c5d268f) Importer(815301076,1909f56bfc062723c751e8b465ee728b)  -> (artifact id: 'e1775485d070fdc32bfce94593634e8f') in 0.122489 seconds 
========================================================================
Received Import Request.
  Time since last request: 242.567996 seconds.
  path: Assets/Sprites/player/SNR-Sheet.png
  artifactKey: Guid(08aa69b10cf93a94098999d24c5d268f) Importer(815301076,1909f56bfc062723c751e8b465ee728b)
Start importing Assets/Sprites/player/SNR-Sheet.png using Guid(08aa69b10cf93a94098999d24c5d268f) Importer(815301076,1909f56bfc062723c751e8b465ee728b)  -> (artifact id: 'f6e49cc3929317b950034f5e5327ca0a') in 0.131764 seconds 
========================================================================
Received Import Request.
  Time since last request: 30.322626 seconds.
  path: Assets/Sprites/player/cronometer-snr.anim
  artifactKey: Guid(84a618b0b9e5bf24586797ed1a0071f6) Importer(815301076,1909f56bfc062723c751e8b465ee728b)
Start importing Assets/Sprites/player/cronometer-snr.anim using Guid(84a618b0b9e5bf24586797ed1a0071f6) Importer(815301076,1909f56bfc062723c751e8b465ee728b)  -> (artifact id: '1c6390bd15f1b1febf47799e806c9618') in 0.010743 seconds 
========================================================================
Received Import Request.
  Time since last request: 44.997379 seconds.
  path: Assets/Sprites/player/cronometer-snr.controller
  artifactKey: Guid(87d57644057684b4eb72b40fd17d85a0) Importer(815301076,1909f56bfc062723c751e8b465ee728b)
Start importing Assets/Sprites/player/cronometer-snr.controller using Guid(87d57644057684b4eb72b40fd17d85a0) Importer(815301076,1909f56bfc062723c751e8b465ee728b)  -> (artifact id: 'adbf4e84eda2910f4d9ca585636466f2') in 0.007569 seconds 
========================================================================
Received Import Request.
  Time since last request: 93.119884 seconds.
  path: Assets/Scripts/player_script/cronometersnr.cs
  artifactKey: Guid(0260fc36e3ad6f7498f672168ca640e6) Importer(815301076,1909f56bfc062723c751e8b465ee728b)
Start importing Assets/Scripts/player_script/cronometersnr.cs using Guid(0260fc36e3ad6f7498f672168ca640e6) Importer(815301076,1909f56bfc062723c751e8b465ee728b)  -> (artifact id: 'f8b1294e0d21e00ffef256af2e9710d3') in 0.006707 seconds 
========================================================================
Received Prepare
Registering precompiled user dll's ...
Registered in 0.008952 seconds.
Begin MonoManager ReloadAssembly
Native extension for WindowsStandalone target not found
Refreshing native plugins compatible for Editor in 1.74 ms, found 2 plugins.
Preloading 0 native plugins for Editor in 0.00 ms.
Mono: successfully reloaded assembly
- Completed reload, in  2.916 seconds
Platform modules already initialized, skipping
Shader 'Universal Render Pipeline/Particles/Lit': fallback shader 'Universal Render Pipeline/Particles/SimpleLit' not found
Refreshing native plugins compatible for Editor in 1.75 ms, found 2 plugins.
Preloading 0 native plugins for Editor in 0.00 ms.
Unloading 4736 Unused Serialized files (Serialized files now loaded: 0)
System memory in use before: 197.5 MB.
System memory in use after: 198.0 MB.

Unloading 13 unused Assets to reduce memory usage. Loaded Objects now: 5605.
Total: 5.283400 ms (FindLiveObjects: 0.644900 ms CreateObjectMapping: 0.706400 ms MarkObjects: 3.904500 ms  DeleteObjects: 0.025900 ms)

========================================================================
Received Import Request.
  Time since last request: 73.811417 seconds.
  path: Assets/Scripts/player_script/cronometersnr.cs
  artifactKey: Guid(0260fc36e3ad6f7498f672168ca640e6) Importer(815301076,1909f56bfc062723c751e8b465ee728b)
Start importing Assets/Scripts/player_script/cronometersnr.cs using Guid(0260fc36e3ad6f7498f672168ca640e6) Importer(815301076,1909f56bfc062723c751e8b465ee728b)  -> (artifact id: 'be0837279cfac9f77a9eb8aa8368c196') in 0.018990 seconds 
========================================================================
Received Prepare
Registering precompiled user dll's ...
Registered in 0.005745 seconds.
Begin MonoManager ReloadAssembly
Native extension for WindowsStandalone target not found
Refreshing native plugins compatible for Editor in 1.63 ms, found 2 plugins.
Preloading 0 native plugins for Editor in 0.00 ms.
Mono: successfully reloaded assembly
- Completed reload, in  1.970 seconds
Platform modules already initialized, skipping
Shader 'Universal Render Pipeline/Particles/Lit': fallback shader 'Universal Render Pipeline/Particles/SimpleLit' not found
Refreshing native plugins compatible for Editor in 1.72 ms, found 2 plugins.
Preloading 0 native plugins for Editor in 0.00 ms.
Unloading 4735 Unused Serialized files (Serialized files now loaded: 0)
System memory in use before: 197.5 MB.
System memory in use after: 198.0 MB.

Unloading 13 unused Assets to reduce memory usage. Loaded Objects now: 5609.
Total: 7.412400 ms (FindLiveObjects: 2.682800 ms CreateObjectMapping: 0.664300 ms MarkObjects: 4.029700 ms  DeleteObjects: 0.032900 ms)

========================================================================
Received Prepare
Registering precompiled user dll's ...
Registered in 0.003416 seconds.
Begin MonoManager ReloadAssembly
Native extension for WindowsStandalone target not found
Refreshing native plugins compatible for Editor in 0.95 ms, found 2 plugins.
Preloading 0 native plugins for Editor in 0.00 ms.
Mono: successfully reloaded assembly
- Completed reload, in  1.770 seconds
Platform modules already initialized, skipping
Shader 'Universal Render Pipeline/Particles/Lit': fallback shader 'Universal Render Pipeline/Particles/SimpleLit' not found
Refreshing native plugins compatible for Editor in 3.43 ms, found 2 plugins.
Preloading 0 native plugins for Editor in 0.00 ms.
Unloading 4735 Unused Serialized files (Serialized files now loaded: 0)
System memory in use before: 197.3 MB.
System memory in use after: 197.8 MB.

Unloading 13 unused Assets to reduce memory usage. Loaded Objects now: 5613.
Total: 10.393600 ms (FindLiveObjects: 2.555300 ms CreateObjectMapping: 2.554700 ms MarkObjects: 5.238300 ms  DeleteObjects: 0.043300 ms)

========================================================================
Received Prepare
Registering precompiled user dll's ...
Registered in 0.004141 seconds.
Begin MonoManager ReloadAssembly
Native extension for WindowsStandalone target not found
Refreshing native plugins compatible for Editor in 1.06 ms, found 2 plugins.
Preloading 0 native plugins for Editor in 0.00 ms.
Mono: successfully reloaded assembly
- Completed reload, in  1.968 seconds
Platform modules already initialized, skipping
Shader 'Universal Render Pipeline/Particles/Lit': fallback shader 'Universal Render Pipeline/Particles/SimpleLit' not found
Refreshing native plugins compatible for Editor in 1.05 ms, found 2 plugins.
Preloading 0 native plugins for Editor in 0.00 ms.
Unloading 4735 Unused Serialized files (Serialized files now loaded: 0)
System memory in use before: 197.5 MB.
System memory in use after: 198.0 MB.

Unloading 13 unused Assets to reduce memory usage. Loaded Objects now: 5617.
Total: 6.815900 ms (FindLiveObjects: 0.868400 ms CreateObjectMapping: 0.602600 ms MarkObjects: 5.292300 ms  DeleteObjects: 0.050300 ms)

========================================================================
Received Prepare
Registering precompiled user dll's ...
Registered in 0.004236 seconds.
Begin MonoManager ReloadAssembly
Native extension for WindowsStandalone target not found
Refreshing native plugins compatible for Editor in 0.97 ms, found 2 plugins.
Preloading 0 native plugins for Editor in 0.00 ms.
Mono: successfully reloaded assembly
- Completed reload, in  2.485 seconds
Platform modules already initialized, skipping
Shader 'Universal Render Pipeline/Particles/Lit': fallback shader 'Universal Render Pipeline/Particles/SimpleLit' not found
Refreshing native plugins compatible for Editor in 1.34 ms, found 2 plugins.
Preloading 0 native plugins for Editor in 0.00 ms.
Unloading 4735 Unused Serialized files (Serialized files now loaded: 0)
System memory in use before: 197.5 MB.
System memory in use after: 198.0 MB.

Unloading 13 unused Assets to reduce memory usage. Loaded Objects now: 5621.
Total: 3.868200 ms (FindLiveObjects: 0.522400 ms CreateObjectMapping: 0.373200 ms MarkObjects: 2.937600 ms  DeleteObjects: 0.033800 ms)

========================================================================
Received Prepare
Registering precompiled user dll's ...
Registered in 0.008582 seconds.
Begin MonoManager ReloadAssembly
Native extension for WindowsStandalone target not found
Refreshing native plugins compatible for Editor in 2.05 ms, found 2 plugins.
Preloading 0 native plugins for Editor in 0.00 ms.
Mono: successfully reloaded assembly
- Completed reload, in  3.432 seconds
Platform modules already initialized, skipping
Shader 'Universal Render Pipeline/Particles/Lit': fallback shader 'Universal Render Pipeline/Particles/SimpleLit' not found
Refreshing native plugins compatible for Editor in 0.93 ms, found 2 plugins.
Preloading 0 native plugins for Editor in 0.00 ms.
Unloading 4736 Unused Serialized files (Serialized files now loaded: 0)
System memory in use before: 197.6 MB.
System memory in use after: 198.0 MB.

Unloading 13 unused Assets to reduce memory usage. Loaded Objects now: 5626.
Total: 5.418900 ms (FindLiveObjects: 0.724600 ms CreateObjectMapping: 0.425300 ms MarkObjects: 4.237400 ms  DeleteObjects: 0.029900 ms)

========================================================================
Received Import Request.
  Time since last request: 238.915530 seconds.
  path: Assets/Scripts/player_script/cronometerpos.cs
  artifactKey: Guid(285792ce1fd7ef34a95761372a28a753) Importer(815301076,1909f56bfc062723c751e8b465ee728b)
Start importing Assets/Scripts/player_script/cronometerpos.cs using Guid(285792ce1fd7ef34a95761372a28a753) Importer(815301076,1909f56bfc062723c751e8b465ee728b)  -> (artifact id: 'a2106776bb1d821904b618487a13e3c7') in 0.010123 seconds 
========================================================================
Received Prepare
Registering precompiled user dll's ...
Registered in 0.005184 seconds.
Begin MonoManager ReloadAssembly
Native extension for WindowsStandalone target not found
Refreshing native plugins compatible for Editor in 1.68 ms, found 2 plugins.
Preloading 0 native plugins for Editor in 0.00 ms.
Mono: successfully reloaded assembly
- Completed reload, in  3.920 seconds
Platform modules already initialized, skipping
Shader 'Universal Render Pipeline/Particles/Lit': fallback shader 'Universal Render Pipeline/Particles/SimpleLit' not found
Refreshing native plugins compatible for Editor in 1.65 ms, found 2 plugins.
Preloading 0 native plugins for Editor in 0.00 ms.
Unloading 4736 Unused Serialized files (Serialized files now loaded: 0)
System memory in use before: 197.7 MB.
System memory in use after: 198.1 MB.

Unloading 13 unused Assets to reduce memory usage. Loaded Objects now: 5630.
Total: 5.715300 ms (FindLiveObjects: 0.788400 ms CreateObjectMapping: 0.615300 ms MarkObjects: 4.260500 ms  DeleteObjects: 0.049500 ms)

========================================================================
Received Prepare
Registering precompiled user dll's ...
Registered in 0.006030 seconds.
Begin MonoManager ReloadAssembly
Native extension for WindowsStandalone target not found
Refreshing native plugins compatible for Editor in 1.58 ms, found 2 plugins.
Preloading 0 native plugins for Editor in 0.00 ms.
Mono: successfully reloaded assembly
- Completed reload, in  2.841 seconds
Platform modules already initialized, skipping
Shader 'Universal Render Pipeline/Particles/Lit': fallback shader 'Universal Render Pipeline/Particles/SimpleLit' not found
Refreshing native plugins compatible for Editor in 1.08 ms, found 2 plugins.
Preloading 0 native plugins for Editor in 0.00 ms.
Unloading 4736 Unused Serialized files (Serialized files now loaded: 0)
System memory in use before: 197.5 MB.
System memory in use after: 197.9 MB.

Unloading 13 unused Assets to reduce memory usage. Loaded Objects now: 5634.
Total: 5.933500 ms (FindLiveObjects: 1.066000 ms CreateObjectMapping: 0.569500 ms MarkObjects: 4.266300 ms  DeleteObjects: 0.029800 ms)

========================================================================
Received Import Request.
  Time since last request: 99.480067 seconds.
  path: Assets/Scripts/player_script/cronometerpos.cs
  artifactKey: Guid(285792ce1fd7ef34a95761372a28a753) Importer(815301076,1909f56bfc062723c751e8b465ee728b)
Start importing Assets/Scripts/player_script/cronometerpos.cs using Guid(285792ce1fd7ef34a95761372a28a753) Importer(815301076,1909f56bfc062723c751e8b465ee728b)  -> (artifact id: 'ec70a9547fea5a258cb239544cfedfa2') in 0.009323 seconds 
========================================================================
Received Prepare
Registering precompiled user dll's ...
Registered in 0.009233 seconds.
Begin MonoManager ReloadAssembly
Native extension for WindowsStandalone target not found
Refreshing native plugins compatible for Editor in 2.82 ms, found 2 plugins.
Preloading 0 native plugins for Editor in 0.00 ms.
Mono: successfully reloaded assembly
- Completed reload, in  2.603 seconds
Platform modules already initialized, skipping
Shader 'Universal Render Pipeline/Particles/Lit': fallback shader 'Universal Render Pipeline/Particles/SimpleLit' not found
Refreshing native plugins compatible for Editor in 1.15 ms, found 2 plugins.
Preloading 0 native plugins for Editor in 0.00 ms.
Unloading 4736 Unused Serialized files (Serialized files now loaded: 0)
System memory in use before: 197.7 MB.
System memory in use after: 198.1 MB.

Unloading 13 unused Assets to reduce memory usage. Loaded Objects now: 5638.
Total: 9.064100 ms (FindLiveObjects: 2.516500 ms CreateObjectMapping: 1.203700 ms MarkObjects: 5.304800 ms  DeleteObjects: 0.033200 ms)

========================================================================
Received Import Request.
  Time since last request: 164.669761 seconds.
  path: Assets/Scripts/player_script/cronometerpos.cs
  artifactKey: Guid(285792ce1fd7ef34a95761372a28a753) Importer(815301076,1909f56bfc062723c751e8b465ee728b)
Start importing Assets/Scripts/player_script/cronometerpos.cs using Guid(285792ce1fd7ef34a95761372a28a753) Importer(815301076,1909f56bfc062723c751e8b465ee728b)  -> (artifact id: '5bbdd272bd2e5235a3281f535e169062') in 0.018083 seconds 
========================================================================
Received Prepare
Registering precompiled user dll's ...
Registered in 0.016499 seconds.
Begin MonoManager ReloadAssembly
Native extension for WindowsStandalone target not found
Refreshing native plugins compatible for Editor in 1.70 ms, found 2 plugins.
Preloading 0 native plugins for Editor in 0.00 ms.
Mono: successfully reloaded assembly
- Completed reload, in  3.107 seconds
Platform modules already initialized, skipping
Shader 'Universal Render Pipeline/Particles/Lit': fallback shader 'Universal Render Pipeline/Particles/SimpleLit' not found
Refreshing native plugins compatible for Editor in 1.46 ms, found 2 plugins.
Preloading 0 native plugins for Editor in 0.00 ms.
Unloading 4735 Unused Serialized files (Serialized files now loaded: 0)
System memory in use before: 197.7 MB.
System memory in use after: 198.1 MB.

Unloading 14 unused Assets to reduce memory usage. Loaded Objects now: 5641.
Total: 6.692700 ms (FindLiveObjects: 0.909200 ms CreateObjectMapping: 0.476500 ms MarkObjects: 5.264100 ms  DeleteObjects: 0.041300 ms)

========================================================================
Received Prepare
Registering precompiled user dll's ...
Registered in 0.006278 seconds.
Begin MonoManager ReloadAssembly
Native extension for WindowsStandalone target not found
Refreshing native plugins compatible for Editor in 1.29 ms, found 2 plugins.
Preloading 0 native plugins for Editor in 0.00 ms.
Mono: successfully reloaded assembly
- Completed reload, in  2.537 seconds
Platform modules already initialized, skipping
Shader 'Universal Render Pipeline/Particles/Lit': fallback shader 'Universal Render Pipeline/Particles/SimpleLit' not found
Refreshing native plugins compatible for Editor in 0.87 ms, found 2 plugins.
Preloading 0 native plugins for Editor in 0.00 ms.
Unloading 4735 Unused Serialized files (Serialized files now loaded: 0)
System memory in use before: 197.7 MB.
System memory in use after: 198.1 MB.

Unloading 13 unused Assets to reduce memory usage. Loaded Objects now: 5645.
Total: 7.431900 ms (FindLiveObjects: 0.796600 ms CreateObjectMapping: 0.669300 ms MarkObjects: 5.916000 ms  DeleteObjects: 0.047800 ms)

========================================================================
Received Prepare
Registering precompiled user dll's ...
Registered in 0.006515 seconds.
Begin MonoManager ReloadAssembly
Native extension for WindowsStandalone target not found
Refreshing native plugins compatible for Editor in 1.71 ms, found 2 plugins.
Preloading 0 native plugins for Editor in 0.00 ms.
Mono: successfully reloaded assembly
- Completed reload, in  1.945 seconds
Platform modules already initialized, skipping
Shader 'Universal Render Pipeline/Particles/Lit': fallback shader 'Universal Render Pipeline/Particles/SimpleLit' not found
Refreshing native plugins compatible for Editor in 1.50 ms, found 2 plugins.
Preloading 0 native plugins for Editor in 0.00 ms.
Unloading 4735 Unused Serialized files (Serialized files now loaded: 0)
System memory in use before: 197.7 MB.
System memory in use after: 198.2 MB.

Unloading 13 unused Assets to reduce memory usage. Loaded Objects now: 5649.
Total: 16.439400 ms (FindLiveObjects: 0.768100 ms CreateObjectMapping: 0.669800 ms MarkObjects: 14.933900 ms  DeleteObjects: 0.065000 ms)

========================================================================
Received Prepare
Registering precompiled user dll's ...
Registered in 0.172686 seconds.
Begin MonoManager ReloadAssembly
Native extension for WindowsStandalone target not found
Refreshing native plugins compatible for Editor in 1.38 ms, found 2 plugins.
Preloading 0 native plugins for Editor in 0.00 ms.
Mono: successfully reloaded assembly
- Completed reload, in  1.928 seconds
Platform modules already initialized, skipping
Shader 'Universal Render Pipeline/Particles/Lit': fallback shader 'Universal Render Pipeline/Particles/SimpleLit' not found
Refreshing native plugins compatible for Editor in 1.51 ms, found 2 plugins.
Preloading 0 native plugins for Editor in 0.00 ms.
Unloading 4735 Unused Serialized files (Serialized files now loaded: 0)
System memory in use before: 197.5 MB.
System memory in use after: 198.0 MB.

Unloading 13 unused Assets to reduce memory usage. Loaded Objects now: 5653.
Total: 14.669700 ms (FindLiveObjects: 2.008300 ms CreateObjectMapping: 0.678600 ms MarkObjects: 11.899700 ms  DeleteObjects: 0.079900 ms)

========================================================================
Received Prepare
Registering precompiled user dll's ...
Registered in 0.066160 seconds.
Begin MonoManager ReloadAssembly
Native extension for WindowsStandalone target not found
Refreshing native plugins compatible for Editor in 1.48 ms, found 2 plugins.
Preloading 0 native plugins for Editor in 0.00 ms.
Mono: successfully reloaded assembly
- Completed reload, in  3.192 seconds
Platform modules already initialized, skipping
Shader 'Universal Render Pipeline/Particles/Lit': fallback shader 'Universal Render Pipeline/Particles/SimpleLit' not found
Refreshing native plugins compatible for Editor in 1.56 ms, found 2 plugins.
Preloading 0 native plugins for Editor in 0.00 ms.
Unloading 4735 Unused Serialized files (Serialized files now loaded: 0)
System memory in use before: 197.7 MB.
System memory in use after: 198.2 MB.

Unloading 13 unused Assets to reduce memory usage. Loaded Objects now: 5657.
Total: 5.999700 ms (FindLiveObjects: 1.042000 ms CreateObjectMapping: 0.601100 ms MarkObjects: 4.319400 ms  DeleteObjects: 0.035400 ms)

========================================================================
Received Prepare
Registering precompiled user dll's ...
Registered in 0.003883 seconds.
Begin MonoManager ReloadAssembly
Native extension for WindowsStandalone target not found
Refreshing native plugins compatible for Editor in 1.75 ms, found 2 plugins.
Preloading 0 native plugins for Editor in 0.00 ms.
Mono: successfully reloaded assembly
- Completed reload, in  1.658 seconds
Platform modules already initialized, skipping
Shader 'Universal Render Pipeline/Particles/Lit': fallback shader 'Universal Render Pipeline/Particles/SimpleLit' not found
Refreshing native plugins compatible for Editor in 1.03 ms, found 2 plugins.
Preloading 0 native plugins for Editor in 0.00 ms.
Unloading 4735 Unused Serialized files (Serialized files now loaded: 0)
System memory in use before: 197.7 MB.
System memory in use after: 198.2 MB.

Unloading 13 unused Assets to reduce memory usage. Loaded Objects now: 5661.
Total: 8.147500 ms (FindLiveObjects: 0.898000 ms CreateObjectMapping: 0.631800 ms MarkObjects: 6.566300 ms  DeleteObjects: 0.049900 ms)

========================================================================
Received Prepare
Registering precompiled user dll's ...
Registered in 0.004747 seconds.
Begin MonoManager ReloadAssembly
Native extension for WindowsStandalone target not found
Refreshing native plugins compatible for Editor in 0.89 ms, found 2 plugins.
Preloading 0 native plugins for Editor in 0.00 ms.
Mono: successfully reloaded assembly
- Completed reload, in  1.583 seconds
Platform modules already initialized, skipping
Shader 'Universal Render Pipeline/Particles/Lit': fallback shader 'Universal Render Pipeline/Particles/SimpleLit' not found
Refreshing native plugins compatible for Editor in 0.95 ms, found 2 plugins.
Preloading 0 native plugins for Editor in 0.00 ms.
Unloading 4735 Unused Serialized files (Serialized files now loaded: 0)
System memory in use before: 197.7 MB.
System memory in use after: 198.2 MB.

Unloading 13 unused Assets to reduce memory usage. Loaded Objects now: 5665.
Total: 3.610000 ms (FindLiveObjects: 0.523700 ms CreateObjectMapping: 0.410800 ms MarkObjects: 2.646700 ms  DeleteObjects: 0.027800 ms)

========================================================================
Received Prepare
Registering precompiled user dll's ...
Registered in 0.004249 seconds.
Begin MonoManager ReloadAssembly
Native extension for WindowsStandalone target not found
Refreshing native plugins compatible for Editor in 1.50 ms, found 2 plugins.
Preloading 0 native plugins for Editor in 0.00 ms.
Mono: successfully reloaded assembly
- Completed reload, in  1.922 seconds
Platform modules already initialized, skipping
Shader 'Universal Render Pipeline/Particles/Lit': fallback shader 'Universal Render Pipeline/Particles/SimpleLit' not found
Refreshing native plugins compatible for Editor in 1.57 ms, found 2 plugins.
Preloading 0 native plugins for Editor in 0.00 ms.
Unloading 4735 Unused Serialized files (Serialized files now loaded: 0)
System memory in use before: 197.7 MB.
System memory in use after: 198.2 MB.

Unloading 13 unused Assets to reduce memory usage. Loaded Objects now: 5669.
Total: 5.366100 ms (FindLiveObjects: 0.735600 ms CreateObjectMapping: 0.546500 ms MarkObjects: 4.037000 ms  DeleteObjects: 0.045500 ms)

========================================================================
Received Prepare
Registering precompiled user dll's ...
Registered in 0.006344 seconds.
Begin MonoManager ReloadAssembly
Native extension for WindowsStandalone target not found
Refreshing native plugins compatible for Editor in 1.69 ms, found 2 plugins.
Preloading 0 native plugins for Editor in 0.00 ms.
Mono: successfully reloaded assembly
- Completed reload, in  3.890 seconds
Platform modules already initialized, skipping
Shader 'Universal Render Pipeline/Particles/Lit': fallback shader 'Universal Render Pipeline/Particles/SimpleLit' not found
Refreshing native plugins compatible for Editor in 4.39 ms, found 2 plugins.
Preloading 0 native plugins for Editor in 0.00 ms.
Unloading 4735 Unused Serialized files (Serialized files now loaded: 0)
System memory in use before: 197.6 MB.
System memory in use after: 198.0 MB.

Unloading 13 unused Assets to reduce memory usage. Loaded Objects now: 5673.
Total: 35.280800 ms (FindLiveObjects: 4.752600 ms CreateObjectMapping: 2.368000 ms MarkObjects: 28.097400 ms  DeleteObjects: 0.037200 ms)

========================================================================
Received Prepare
Registering precompiled user dll's ...
Registered in 0.007546 seconds.
Begin MonoManager ReloadAssembly
Native extension for WindowsStandalone target not found
Refreshing native plugins compatible for Editor in 1.41 ms, found 2 plugins.
Preloading 0 native plugins for Editor in 0.00 ms.
Mono: successfully reloaded assembly
- Completed reload, in  1.418 seconds
Platform modules already initialized, skipping
Shader 'Universal Render Pipeline/Particles/Lit': fallback shader 'Universal Render Pipeline/Particles/SimpleLit' not found
Refreshing native plugins compatible for Editor in 0.90 ms, found 2 plugins.
Preloading 0 native plugins for Editor in 0.00 ms.
Unloading 4735 Unused Serialized files (Serialized files now loaded: 0)
System memory in use before: 197.8 MB.
System memory in use after: 198.2 MB.

Unloading 13 unused Assets to reduce memory usage. Loaded Objects now: 5677.
Total: 3.538500 ms (FindLiveObjects: 0.470000 ms CreateObjectMapping: 0.315900 ms MarkObjects: 2.728200 ms  DeleteObjects: 0.023400 ms)

AssetImportWorkerClient::OnTransportError - code=2 error=End of file
